(0000) 3000  0011000000000000 (  13)                 .ORIG x3000
(3000) 2CA6  0010110010100110 (  18) MAIN            LD    R6 STACK_TOP
(3001) E030  1110000000110000 (  19)                 LEA   R0 TITLE
(3002) F022  1111000000100010 (  20)                 TRAP  x22
(3003) E89B  1110100010011011 (  22)                 LEA   R4 SCORES
(3004) 5B60  0101101101100000 (  23)                 AND   R5 R5 #0
(3005) 1B65  0001101101100101 (  24)                 ADD   R5 R5 #5
(3006) E042  1110000001000010 (  27) INPUT_LOOP      LEA   R0 PROMPT
(3007) F022  1111000000100010 (  28)                 TRAP  x22
(3008) 489F  0100100010011111 (  30)                 JSR   GET_SCORE
(3009) 7100  0111000100000000 (  32)                 STR   R0 R4 #0
(300A) 1921  0001100100100001 (  33)                 ADD   R4 R4 #1
(300B) 1B7F  0001101101111111 (  35)                 ADD   R5 R5 #-1
(300C) 03F9  0000001111111001 (  36)                 BRP   INPUT_LOOP
(300D) E091  1110000010010001 (  38)                 LEA   R0 SCORES
(300E) 48CC  0100100011001100 (  39)                 JSR   FIND_STATS
(300F) 3094  0011000010010100 (  41)                 ST    R0 MIN_SCORE
(3010) 3294  0011001010010100 (  42)                 ST    R1 MAX_SCORE
(3011) 3494  0011010010010100 (  43)                 ST    R2 AVG_SCORE
(3012) E049  1110000001001001 (  45)                 LEA   R0 RESULT_HEADER
(3013) F022  1111000000100010 (  46)                 TRAP  x22
(3014) E047  1110000001000111 (  48)                 LEA   R0 RESULT_HEADER
(3015) F022  1111000000100010 (  49)                 TRAP  x22
(3016) E04F  1110000001001111 (  53)                 LEA   R0 MIN_MSG
(3017) F022  1111000000100010 (  54)                 TRAP  x22
(3018) 208B  0010000010001011 (  55)                 LD    R0 MIN_SCORE
(3019) 4903  0100100100000011 (  56)                 JSR   PRINT_NUMBER
(301A) E07B  1110000001111011 (  57)                 LEA   R0 GRADE_MSG
(301B) F022  1111000000100010 (  58)                 TRAP  x22
(301C) 2087  0010000010000111 (  59)                 LD    R0 MIN_SCORE
(301D) 492E  0100100100101110 (  60)                 JSR   PRINT_GRADE
(301E) 4951  0100100101010001 (  61)                 JSR   PRINT_NEWLINE
(301F) E056  1110000001010110 (  65)                 LEA   R0 MAX_MSG
(3020) F022  1111000000100010 (  66)                 TRAP  x22
(3021) 2083  0010000010000011 (  67)                 LD    R0 MAX_SCORE
(3022) 48FA  0100100011111010 (  68)                 JSR   PRINT_NUMBER
(3023) E072  1110000001110010 (  69)                 LEA   R0 GRADE_MSG
(3024) F022  1111000000100010 (  70)                 TRAP  x22
(3025) 207F  0010000001111111 (  71)                 LD    R0 MAX_SCORE
(3026) 4925  0100100100100101 (  72)                 JSR   PRINT_GRADE
(3027) 4948  0100100101001000 (  73)                 JSR   PRINT_NEWLINE
(3028) E05D  1110000001011101 (  77)                 LEA   R0 AVG_MSG
(3029) F022  1111000000100010 (  78)                 TRAP  x22
(302A) 207B  0010000001111011 (  79)                 LD    R0 AVG_SCORE
(302B) 48F1  0100100011110001 (  80)                 JSR   PRINT_NUMBER
(302C) E069  1110000001101001 (  81)                 LEA   R0 GRADE_MSG
(302D) F022  1111000000100010 (  82)                 TRAP  x22
(302E) 2077  0010000001110111 (  83)                 LD    R0 AVG_SCORE
(302F) 491C  0100100100011100 (  84)                 JSR   PRINT_GRADE
(3030) 493F  0100100100111111 (  85)                 JSR   PRINT_NEWLINE
(3031) F025  1111000000100101 (  87)                 TRAP  x25
(3032) 0054  0000000001010100 (  91) TITLE           .FILL x0054
(3033) 0065  0000000001100101 (  91)                 .FILL x0065
(3034) 0073  0000000001110011 (  91)                 .FILL x0073
(3035) 0074  0000000001110100 (  91)                 .FILL x0074
(3036) 0020  0000000000100000 (  91)                 .FILL x0020
(3037) 0053  0000000001010011 (  91)                 .FILL x0053
(3038) 0063  0000000001100011 (  91)                 .FILL x0063
(3039) 006F  0000000001101111 (  91)                 .FILL x006F
(303A) 0072  0000000001110010 (  91)                 .FILL x0072
(303B) 0065  0000000001100101 (  91)                 .FILL x0065
(303C) 0020  0000000000100000 (  91)                 .FILL x0020
(303D) 0043  0000000001000011 (  91)                 .FILL x0043
(303E) 0061  0000000001100001 (  91)                 .FILL x0061
(303F) 006C  0000000001101100 (  91)                 .FILL x006C
(3040) 0063  0000000001100011 (  91)                 .FILL x0063
(3041) 0075  0000000001110101 (  91)                 .FILL x0075
(3042) 006C  0000000001101100 (  91)                 .FILL x006C
(3043) 0061  0000000001100001 (  91)                 .FILL x0061
(3044) 0074  0000000001110100 (  91)                 .FILL x0074
(3045) 006F  0000000001101111 (  91)                 .FILL x006F
(3046) 0072  0000000001110010 (  91)                 .FILL x0072
(3047) 000A  0000000000001010 (  91)                 .FILL x000A
(3048) 0000  0000000000000000 (  91)                 .FILL x0000
(3049) 0045  0000000001000101 (  92) PROMPT          .FILL x0045
(304A) 006E  0000000001101110 (  92)                 .FILL x006E
(304B) 0074  0000000001110100 (  92)                 .FILL x0074
(304C) 0065  0000000001100101 (  92)                 .FILL x0065
(304D) 0072  0000000001110010 (  92)                 .FILL x0072
(304E) 0020  0000000000100000 (  92)                 .FILL x0020
(304F) 0074  0000000001110100 (  92)                 .FILL x0074
(3050) 0065  0000000001100101 (  92)                 .FILL x0065
(3051) 0073  0000000001110011 (  92)                 .FILL x0073
(3052) 0074  0000000001110100 (  92)                 .FILL x0074
(3053) 0020  0000000000100000 (  92)                 .FILL x0020
(3054) 0073  0000000001110011 (  92)                 .FILL x0073
(3055) 0063  0000000001100011 (  92)                 .FILL x0063
(3056) 006F  0000000001101111 (  92)                 .FILL x006F
(3057) 0072  0000000001110010 (  92)                 .FILL x0072
(3058) 0065  0000000001100101 (  92)                 .FILL x0065
(3059) 003A  0000000000111010 (  92)                 .FILL x003A
(305A) 0020  0000000000100000 (  92)                 .FILL x0020
(305B) 0000  0000000000000000 (  92)                 .FILL x0000
(305C) 000A  0000000000001010 (  93) RESULT_HEADER   .FILL x000A
(305D) 0052  0000000001010010 (  93)                 .FILL x0052
(305E) 0065  0000000001100101 (  93)                 .FILL x0065
(305F) 0073  0000000001110011 (  93)                 .FILL x0073
(3060) 0075  0000000001110101 (  93)                 .FILL x0075
(3061) 006C  0000000001101100 (  93)                 .FILL x006C
(3062) 0074  0000000001110100 (  93)                 .FILL x0074
(3063) 0073  0000000001110011 (  93)                 .FILL x0073
(3064) 000A  0000000000001010 (  93)                 .FILL x000A
(3065) 0000  0000000000000000 (  93)                 .FILL x0000
(3066) 004D  0000000001001101 (  94) MIN_MSG         .FILL x004D
(3067) 0069  0000000001101001 (  94)                 .FILL x0069
(3068) 006E  0000000001101110 (  94)                 .FILL x006E
(3069) 0069  0000000001101001 (  94)                 .FILL x0069
(306A) 006D  0000000001101101 (  94)                 .FILL x006D
(306B) 0075  0000000001110101 (  94)                 .FILL x0075
(306C) 006D  0000000001101101 (  94)                 .FILL x006D
(306D) 0020  0000000000100000 (  94)                 .FILL x0020
(306E) 0073  0000000001110011 (  94)                 .FILL x0073
(306F) 0063  0000000001100011 (  94)                 .FILL x0063
(3070) 006F  0000000001101111 (  94)                 .FILL x006F
(3071) 0072  0000000001110010 (  94)                 .FILL x0072
(3072) 0065  0000000001100101 (  94)                 .FILL x0065
(3073) 003A  0000000000111010 (  94)                 .FILL x003A
(3074) 0020  0000000000100000 (  94)                 .FILL x0020
(3075) 0000  0000000000000000 (  94)                 .FILL x0000
(3076) 004D  0000000001001101 (  95) MAX_MSG         .FILL x004D
(3077) 0061  0000000001100001 (  95)                 .FILL x0061
(3078) 0078  0000000001111000 (  95)                 .FILL x0078
(3079) 0069  0000000001101001 (  95)                 .FILL x0069
(307A) 006D  0000000001101101 (  95)                 .FILL x006D
(307B) 0075  0000000001110101 (  95)                 .FILL x0075
(307C) 006D  0000000001101101 (  95)                 .FILL x006D
(307D) 0020  0000000000100000 (  95)                 .FILL x0020
(307E) 0073  0000000001110011 (  95)                 .FILL x0073
(307F) 0063  0000000001100011 (  95)                 .FILL x0063
(3080) 006F  0000000001101111 (  95)                 .FILL x006F
(3081) 0072  0000000001110010 (  95)                 .FILL x0072
(3082) 0065  0000000001100101 (  95)                 .FILL x0065
(3083) 003A  0000000000111010 (  95)                 .FILL x003A
(3084) 0020  0000000000100000 (  95)                 .FILL x0020
(3085) 0000  0000000000000000 (  95)                 .FILL x0000
(3086) 0041  0000000001000001 (  96) AVG_MSG         .FILL x0041
(3087) 0076  0000000001110110 (  96)                 .FILL x0076
(3088) 0065  0000000001100101 (  96)                 .FILL x0065
(3089) 0072  0000000001110010 (  96)                 .FILL x0072
(308A) 0061  0000000001100001 (  96)                 .FILL x0061
(308B) 0067  0000000001100111 (  96)                 .FILL x0067
(308C) 0065  0000000001100101 (  96)                 .FILL x0065
(308D) 0020  0000000000100000 (  96)                 .FILL x0020
(308E) 0073  0000000001110011 (  96)                 .FILL x0073
(308F) 0063  0000000001100011 (  96)                 .FILL x0063
(3090) 006F  0000000001101111 (  96)                 .FILL x006F
(3091) 0072  0000000001110010 (  96)                 .FILL x0072
(3092) 0065  0000000001100101 (  96)                 .FILL x0065
(3093) 003A  0000000000111010 (  96)                 .FILL x003A
(3094) 0020  0000000000100000 (  96)                 .FILL x0020
(3095) 0000  0000000000000000 (  96)                 .FILL x0000
(3096) 0020  0000000000100000 (  97) GRADE_MSG       .FILL x0020
(3097) 0047  0000000001000111 (  97)                 .FILL x0047
(3098) 0072  0000000001110010 (  97)                 .FILL x0072
(3099) 0061  0000000001100001 (  97)                 .FILL x0061
(309A) 0064  0000000001100100 (  97)                 .FILL x0064
(309B) 0065  0000000001100101 (  97)                 .FILL x0065
(309C) 003A  0000000000111010 (  97)                 .FILL x003A
(309D) 0020  0000000000100000 (  97)                 .FILL x0020
(309E) 0000  0000000000000000 (  97)                 .FILL x0000
(309F) 0000  0000000000000000 ( 101) SCORES          .FILL x0000
(30A0) 0000  0000000000000000 ( 101)                 .FILL x0000
(30A1) 0000  0000000000000000 ( 101)                 .FILL x0000
(30A2) 0000  0000000000000000 ( 101)                 .FILL x0000
(30A3) 0000  0000000000000000 ( 101)                 .FILL x0000
(30A4) 0000  0000000000000000 ( 101) MIN_SCORE       .FILL x0000
(30A5) 0000  0000000000000000 ( 102) MAX_SCORE       .FILL x0000
(30A6) 0000  0000000000000000 ( 103) AVG_SCORE       .FILL x0000
(30A7) FDFF  1111110111111111 ( 106) STACK_TOP       .FILL xFDFF
(30A8) 1DBF  0001110110111111 ( 113) GET_SCORE       ADD   R6 R6 #-1
(30A9) 7F80  0111111110000000 ( 114)                 STR   R7 R6 #0
(30AA) 1DBF  0001110110111111 ( 115)                 ADD   R6 R6 #-1
(30AB) 7380  0111001110000000 ( 116)                 STR   R1 R6 #0
(30AC) 1DBF  0001110110111111 ( 117)                 ADD   R6 R6 #-1
(30AD) 7580  0111010110000000 ( 118)                 STR   R2 R6 #0
(30AE) 1DBF  0001110110111111 ( 119)                 ADD   R6 R6 #-1
(30AF) 7780  0111011110000000 ( 120)                 STR   R3 R6 #0
(30B0) 1DBF  0001110110111111 ( 121)                 ADD   R6 R6 #-1
(30B1) 7980  0111100110000000 ( 122)                 STR   R4 R6 #0
(30B2) 54A0  0101010010100000 ( 124)                 AND   R2 R2 #0
(30B3) F020  1111000000100000 ( 127) READ_DIGIT      TRAP  x20
(30B4) F021  1111000000100001 ( 128)                 TRAP  x21
(30B5) 22CA  0010001011001010 ( 130)                 LD    R1 NEG_ENTER
(30B6) 1201  0001001000000001 ( 131)                 ADD   R1 R0 R1
(30B7) 0411  0000010000010001 ( 132)                 BRZ   INPUT_DONE
(30B8) 22C8  0010001011001000 ( 134)                 LD    R1 NEG_ASCII_ZERO
(30B9) 1601  0001011000000001 ( 135)                 ADD   R3 R0 R1
(30BA) 09F8  0000100111111000 ( 137)                 BRN   READ_DIGIT
(30BB) 18F7  0001100011110111 ( 139)                 ADD   R4 R3 #-9
(30BC) 03F6  0000001111110110 ( 140)                 BRP   READ_DIGIT
(30BD) 18A0  0001100010100000 ( 143)                 ADD   R4 R2 #0
(30BE) 1482  0001010010000010 ( 144)                 ADD   R2 R2 R2
(30BF) 1482  0001010010000010 ( 145)                 ADD   R2 R2 R2
(30C0) 1484  0001010010000100 ( 146)                 ADD   R2 R2 R4
(30C1) 1482  0001010010000010 ( 147)                 ADD   R2 R2 R2
(30C2) 1483  0001010010000011 ( 148)                 ADD   R2 R2 R3
(30C3) 22C2  0010001011000010 ( 151)                 LD    R1 NEG_100
(30C4) 1881  0001100010000001 ( 152)                 ADD   R4 R2 R1
(30C5) 0201  0000001000000001 ( 153)                 BRP   SET_TO_100
(30C6) 0FEC  0000111111101100 ( 155)                 BRNZP READ_DIGIT
(30C7) 24AF  0010010010101111 ( 158) SET_TO_100      LD    R2 CONST_100
(30C8) 0FEA  0000111111101010 ( 159)                 BRNZP READ_DIGIT
(30C9) 48A6  0100100010100110 ( 162) INPUT_DONE      JSR   PRINT_NEWLINE
(30CA) 10A0  0001000010100000 ( 163)                 ADD   R0 R2 #0
(30CB) 6980  0110100110000000 ( 165)                 LDR   R4 R6 #0
(30CC) 1DA1  0001110110100001 ( 166)                 ADD   R6 R6 #1
(30CD) 6780  0110011110000000 ( 167)                 LDR   R3 R6 #0
(30CE) 1DA1  0001110110100001 ( 168)                 ADD   R6 R6 #1
(30CF) 6580  0110010110000000 ( 169)                 LDR   R2 R6 #0
(30D0) 1DA1  0001110110100001 ( 170)                 ADD   R6 R6 #1
(30D1) 6380  0110001110000000 ( 171)                 LDR   R1 R6 #0
(30D2) 1DA1  0001110110100001 ( 172)                 ADD   R6 R6 #1
(30D3) 6F80  0110111110000000 ( 173)                 LDR   R7 R6 #0
(30D4) 1DA1  0001110110100001 ( 174)                 ADD   R6 R6 #1
(30D5) C1C0  1100000111000000 ( 176)                 RET   
(30D6) FFF6  1111111111110110 ( 178) GS_NEG_ENTER    .FILL xFFF6
(30D7) FFF3  1111111111110011 ( 179) GS_NEG_CR       .FILL xFFF3
(30D8) FFD0  1111111111010000 ( 180) GS_NEG_ASCII_ZERO .FILL xFFD0
(30D9) FF9C  1111111110011100 ( 181) GS_NEG_100      .FILL xFF9C
(30DA) 0064  0000000001100100 ( 182) GS_CONST_100    .FILL x0064
(30DB) 1DBF  0001110110111111 ( 191) FIND_STATS      ADD   R6 R6 #-1
(30DC) 7F80  0111111110000000 ( 192)                 STR   R7 R6 #0
(30DD) 1DBF  0001110110111111 ( 193)                 ADD   R6 R6 #-1
(30DE) 7780  0111011110000000 ( 194)                 STR   R3 R6 #0
(30DF) 1DBF  0001110110111111 ( 195)                 ADD   R6 R6 #-1
(30E0) 7980  0111100110000000 ( 196)                 STR   R4 R6 #0
(30E1) 1DBF  0001110110111111 ( 197)                 ADD   R6 R6 #-1
(30E2) 7B80  0111101110000000 ( 198)                 STR   R5 R6 #0
(30E3) 1820  0001100000100000 ( 200)                 ADD   R4 R0 #0
(30E4) 6100  0110000100000000 ( 202)                 LDR   R0 R4 #0
(30E5) 1220  0001001000100000 ( 203)                 ADD   R1 R0 #0
(30E6) 1420  0001010000100000 ( 204)                 ADD   R2 R0 #0
(30E7) 1A20  0001101000100000 ( 205)                 ADD   R5 R0 #0
(30E8) 1921  0001100100100001 ( 207)                 ADD   R4 R4 #1
(30E9) 56E0  0101011011100000 ( 208)                 AND   R3 R3 #0
(30EA) 16E4  0001011011100100 ( 209)                 ADD   R3 R3 #4
(30EB) 6100  0110000100000000 ( 212) STAT_LOOP       LDR   R0 R4 #0
(30EC) 1480  0001010010000000 ( 214)                 ADD   R2 R2 R0
(30ED) 9F7F  1001111101111111 ( 217)                 NOT   R7 R5
(30EE) 1FE1  0001111111100001 ( 218)                 ADD   R7 R7 #1
(30EF) 1E07  0001111000000111 ( 219)                 ADD   R7 R0 R7
(30F0) 0814  0000100000010100 ( 220)                 BRN   UPDATE_MIN
(30F1) 9E7F  1001111001111111 ( 225) CHECK_MAX       NOT   R7 R1
(30F2) 1FE1  0001111111100001 ( 226)                 ADD   R7 R7 #1
(30F3) 1E07  0001111000000111 ( 227)                 ADD   R7 R0 R7
(30F4) 0212  0000001000010010 ( 228)                 BRP   UPDATE_MAX
(30F5) 1921  0001100100100001 ( 232) NEXT_SCORE      ADD   R4 R4 #1
(30F6) 16FF  0001011011111111 ( 233)                 ADD   R3 R3 #-1
(30F7) 03F3  0000001111110011 ( 234)                 BRP   STAT_LOOP
(30F8) 10A0  0001000010100000 ( 237)                 ADD   R0 R2 #0
(30F9) 480F  0100100000001111 ( 238)                 JSR   DIVIDE_BY_5
(30FA) 1420  0001010000100000 ( 240)                 ADD   R2 R0 #0
(30FB) 1160  0001000101100000 ( 241)                 ADD   R0 R5 #0
(30FC) 6B80  0110101110000000 ( 244)                 LDR   R5 R6 #0
(30FD) 1DA1  0001110110100001 ( 245)                 ADD   R6 R6 #1
(30FE) 6980  0110100110000000 ( 246)                 LDR   R4 R6 #0
(30FF) 1DA1  0001110110100001 ( 247)                 ADD   R6 R6 #1
(3100) 6780  0110011110000000 ( 248)                 LDR   R3 R6 #0
(3101) 1DA1  0001110110100001 ( 249)                 ADD   R6 R6 #1
(3102) 6F80  0110111110000000 ( 250)                 LDR   R7 R6 #0
(3103) 1DA1  0001110110100001 ( 251)                 ADD   R6 R6 #1
(3104) C1C0  1100000111000000 ( 253)                 RET   
(3105) 1A20  0001101000100000 ( 256) UPDATE_MIN      ADD   R5 R0 #0
(3106) 0FEA  0000111111101010 ( 257)                 BRNZP CHECK_MAX
(3107) 1220  0001001000100000 ( 260) UPDATE_MAX      ADD   R1 R0 #0
(3108) 0FEC  0000111111101100 ( 261)                 BRNZP NEXT_SCORE
(3109) 1DBF  0001110110111111 ( 265) DIVIDE_BY_5     ADD   R6 R6 #-1
(310A) 7F80  0111111110000000 ( 266)                 STR   R7 R6 #0
(310B) 1DBF  0001110110111111 ( 267)                 ADD   R6 R6 #-1
(310C) 7380  0111001110000000 ( 268)                 STR   R1 R6 #0
(310D) 1DBF  0001110110111111 ( 269)                 ADD   R6 R6 #-1
(310E) 7580  0111010110000000 ( 270)                 STR   R2 R6 #0
(310F) 5260  0101001001100000 ( 272)                 AND   R1 R1 #0
(3110) 1420  0001010000100000 ( 273)                 ADD   R2 R0 #0
(3111) 14BB  0001010010111011 ( 276) DIV_LOOP        ADD   R2 R2 #-5
(3112) 0802  0000100000000010 ( 277)                 BRN   DIV_DONE
(3113) 1261  0001001001100001 ( 278)                 ADD   R1 R1 #1
(3114) 0FFC  0000111111111100 ( 279)                 BRNZP DIV_LOOP
(3115) 1060  0001000001100000 ( 282) DIV_DONE        ADD   R0 R1 #0
(3116) 6580  0110010110000000 ( 284)                 LDR   R2 R6 #0
(3117) 1DA1  0001110110100001 ( 285)                 ADD   R6 R6 #1
(3118) 6380  0110001110000000 ( 286)                 LDR   R1 R6 #0
(3119) 1DA1  0001110110100001 ( 287)                 ADD   R6 R6 #1
(311A) 6F80  0110111110000000 ( 288)                 LDR   R7 R6 #0
(311B) 1DA1  0001110110100001 ( 289)                 ADD   R6 R6 #1
(311C) C1C0  1100000111000000 ( 291)                 RET   
(311D) 1DBF  0001110110111111 ( 296) PRINT_NUMBER    ADD   R6 R6 #-1
(311E) 7F80  0111111110000000 ( 297)                 STR   R7 R6 #0
(311F) 1DBF  0001110110111111 ( 298)                 ADD   R6 R6 #-1
(3120) 7380  0111001110000000 ( 299)                 STR   R1 R6 #0
(3121) 1DBF  0001110110111111 ( 300)                 ADD   R6 R6 #-1
(3122) 7580  0111010110000000 ( 301)                 STR   R2 R6 #0
(3123) 1DBF  0001110110111111 ( 302)                 ADD   R6 R6 #-1
(3124) 7780  0111011110000000 ( 303)                 STR   R3 R6 #0
(3125) 1DBF  0001110110111111 ( 304)                 ADD   R6 R6 #-1
(3126) 7980  0111100110000000 ( 305)                 STR   R4 R6 #0
(3127) 1420  0001010000100000 ( 307)                 ADD   R2 R0 #0
(3128) 5920  0101100100100000 ( 308)                 AND   R4 R4 #0
(3129) 225C  0010001001011100 ( 310)                 LD    R1 NEG_100
(312A) 1281  0001001010000001 ( 311)                 ADD   R1 R2 R1
(312B) 0804  0000100000000100 ( 312)                 BRN   PRINT_TENS
(312C) 204C  0010000001001100 ( 314)                 LD    R0 ASCII_ONE
(312D) F021  1111000000100001 ( 315)                 TRAP  x21
(312E) 1460  0001010001100000 ( 316)                 ADD   R2 R1 #0
(312F) 1921  0001100100100001 ( 317)                 ADD   R4 R4 #1
(3130) 56E0  0101011011100000 ( 320) PRINT_TENS      AND   R3 R3 #0
(3131) 12B6  0001001010110110 ( 323) TENS_LOOP       ADD   R1 R2 #-10
(3132) 0803  0000100000000011 ( 324)                 BRN   PRINT_ONES
(3133) 1460  0001010001100000 ( 325)                 ADD   R2 R1 #0
(3134) 16E1  0001011011100001 ( 326)                 ADD   R3 R3 #1
(3135) 0FFB  0000111111111011 ( 327)                 BRNZP TENS_LOOP
(3136) 1303  0001001100000011 ( 330) PRINT_ONES      ADD   R1 R4 R3
(3137) 0403  0000010000000011 ( 331)                 BRZ   SKIP_TENS_PRINT
(3138) 203F  0010000000111111 ( 333)                 LD    R0 ASCII_ZERO
(3139) 1003  0001000000000011 ( 334)                 ADD   R0 R0 R3
(313A) F021  1111000000100001 ( 335)                 TRAP  x21
(313B) 203C  0010000000111100 ( 338) SKIP_TENS_PRINT LD    R0 ASCII_ZERO
(313C) 1002  0001000000000010 ( 339)                 ADD   R0 R0 R2
(313D) F021  1111000000100001 ( 340)                 TRAP  x21
(313E) 6980  0110100110000000 ( 342)                 LDR   R4 R6 #0
(313F) 1DA1  0001110110100001 ( 343)                 ADD   R6 R6 #1
(3140) 6780  0110011110000000 ( 344)                 LDR   R3 R6 #0
(3141) 1DA1  0001110110100001 ( 345)                 ADD   R6 R6 #1
(3142) 6580  0110010110000000 ( 346)                 LDR   R2 R6 #0
(3143) 1DA1  0001110110100001 ( 347)                 ADD   R6 R6 #1
(3144) 6380  0110001110000000 ( 348)                 LDR   R1 R6 #0
(3145) 1DA1  0001110110100001 ( 349)                 ADD   R6 R6 #1
(3146) 6F80  0110111110000000 ( 350)                 LDR   R7 R6 #0
(3147) 1DA1  0001110110100001 ( 351)                 ADD   R6 R6 #1
(3148) C1C0  1100000111000000 ( 353)                 RET   
(3149) FF9C  1111111110011100 ( 355) PN_NEG_100      .FILL xFF9C
(314A) 0030  0000000000110000 ( 356) PN_ASCII_ZERO   .FILL x0030
(314B) 0031  0000000000110001 ( 357) PN_ASCII_ONE    .FILL x0031
(314C) 1DBF  0001110110111111 ( 364) PRINT_GRADE     ADD   R6 R6 #-1
(314D) 7F80  0111111110000000 ( 365)                 STR   R7 R6 #0
(314E) 1DBF  0001110110111111 ( 366)                 ADD   R6 R6 #-1
(314F) 7380  0111001110000000 ( 367)                 STR   R1 R6 #0
(3150) 2234  0010001000110100 ( 369)                 LD    R1 NEG_90
(3151) 1201  0001001000000001 ( 370)                 ADD   R1 R0 R1
(3152) 060C  0000011000001100 ( 371)                 BRZP  PRINT_A
(3153) 2230  0010001000110000 ( 374)                 LD    R1 NEG_80
(3154) 1201  0001001000000001 ( 375)                 ADD   R1 R0 R1
(3155) 060C  0000011000001100 ( 376)                 BRZP  PRINT_B
(3156) 222C  0010001000101100 ( 379)                 LD    R1 NEG_70
(3157) 1201  0001001000000001 ( 380)                 ADD   R1 R0 R1
(3158) 060C  0000011000001100 ( 381)                 BRZP  PRINT_C
(3159) 2228  0010001000101000 ( 383)                 LD    R1 NEG_60
(315A) 1201  0001001000000001 ( 384)                 ADD   R1 R0 R1
(315B) 060C  0000011000001100 ( 385)                 BRZP  PRINT_D
(315C) 2022  0010000000100010 ( 388)                 LD    R0 LETTER_F
(315D) F021  1111000000100001 ( 389)                 TRAP  x21
(315E) 0E0C  0000111000001100 ( 390)                 BRNZP GRADE_DONE
(315F) 201B  0010000000011011 ( 393) PRINT_A         LD    R0 LETTER_A
(3160) F021  1111000000100001 ( 394)                 TRAP  x21
(3161) 0E09  0000111000001001 ( 395)                 BRNZP GRADE_DONE
(3162) 2019  0010000000011001 ( 398) PRINT_B         LD    R0 LETTER_B
(3163) F021  1111000000100001 ( 399)                 TRAP  x21
(3164) 0E06  0000111000000110 ( 400)                 BRNZP GRADE_DONE
(3165) 2017  0010000000010111 ( 403) PRINT_C         LD    R0 LETTER_C
(3166) F021  1111000000100001 ( 404)                 TRAP  x21
(3167) 0E03  0000111000000011 ( 405)                 BRNZP GRADE_DONE
(3168) 2015  0010000000010101 ( 408) PRINT_D         LD    R0 LETTER_D
(3169) F021  1111000000100001 ( 409)                 TRAP  x21
(316A) 0E00  0000111000000000 ( 410)                 BRNZP GRADE_DONE
(316B) 6380  0110001110000000 ( 413) GRADE_DONE      LDR   R1 R6 #0
(316C) 1DA1  0001110110100001 ( 414)                 ADD   R6 R6 #1
(316D) 6F80  0110111110000000 ( 415)                 LDR   R7 R6 #0
(316E) 1DA1  0001110110100001 ( 416)                 ADD   R6 R6 #1
(316F) C1C0  1100000111000000 ( 418)                 RET   
(3170) 1DBF  0001110110111111 ( 422) PRINT_NEWLINE   ADD   R6 R6 #-1
(3171) 7F80  0111111110000000 ( 423)                 STR   R7 R6 #0
(3172) 2007  0010000000000111 ( 425)                 LD    R0 ASCII_NEWLINE
(3173) F021  1111000000100001 ( 426)                 TRAP  x21
(3174) 6F80  0110111110000000 ( 428)                 LDR   R7 R6 #0
(3175) 1DA1  0001110110100001 ( 429)                 ADD   R6 R6 #1
(3176) C1C0  1100000111000000 ( 431)                 RET   
(3177) 0064  0000000001100100 ( 434) CONST_100       .FILL x0064
(3178) 0030  0000000000110000 ( 436) ASCII_ZERO      .FILL x0030
(3179) 0031  0000000000110001 ( 437) ASCII_ONE       .FILL x0031
(317A) 000A  0000000000001010 ( 438) ASCII_NEWLINE   .FILL x000A
(317B) 0041  0000000001000001 ( 440) LETTER_A        .FILL x0041
(317C) 0042  0000000001000010 ( 441) LETTER_B        .FILL x0042
(317D) 0043  0000000001000011 ( 442) LETTER_C        .FILL x0043
(317E) 0044  0000000001000100 ( 443) LETTER_D        .FILL x0044
(317F) 0046  0000000001000110 ( 444) LETTER_F        .FILL x0046
(3180) FFF6  1111111111110110 ( 446) NEG_ENTER       .FILL xFFF6
(3181) FFD0  1111111111010000 ( 447) NEG_ASCII_ZERO  .FILL xFFD0
(3182) FFC4  1111111111000100 ( 448) NEG_60          .FILL xFFC4
(3183) FFBA  1111111110111010 ( 449) NEG_70          .FILL xFFBA
(3184) FFB0  1111111110110000 ( 450) NEG_80          .FILL xFFB0
(3185) FFA6  1111111110100110 ( 451) NEG_90          .FILL xFFA6
(3186) FF9C  1111111110011100 ( 452) NEG_100         .FILL xFF9C
